0 info it worked if it ends with ok
1 verbose cli [ '/Users/Neuro/.nvm/versions/node/v6.11.0/bin/node',
1 verbose cli   '/Users/Neuro/.nvm/versions/node/v6.11.0/bin/npm',
1 verbose cli   'run',
1 verbose cli   'test' ]
2 info using npm@3.10.10
3 info using node@v6.11.0
4 verbose run-script [ 'pretest', 'test', 'posttest' ]
5 info lifecycle eko_delivery_service@1.0.0~pretest: eko_delivery_service@1.0.0
6 silly lifecycle eko_delivery_service@1.0.0~pretest: no script for pretest, continuing
7 info lifecycle eko_delivery_service@1.0.0~test: eko_delivery_service@1.0.0
8 verbose lifecycle eko_delivery_service@1.0.0~test: unsafe-perm in lifecycle true
9 verbose lifecycle eko_delivery_service@1.0.0~test: PATH: /Users/Neuro/.nvm/versions/node/v6.11.0/lib/node_modules/npm/bin/node-gyp-bin:/Users/Neuro/Documents/eko_delivery_service/node_modules/.bin:/Users/Neuro/.nvm/versions/node/v6.11.0/bin:/Users/Neuro/.rvm/gems/ruby-2.4.0/bin:/Users/Neuro/.rvm/gems/ruby-2.4.0@global/bin:/Users/Neuro/.rvm/rubies/ruby-2.4.0/bin:/opt/local/bin:/opt/local/sbin:/Applications/MAMP/bin/php/php7.1.0/bin:/usr/local/bin:/usr/bin:/bin:/usr/sbin:/sbin:/opt/X11/bin:/Users/Neuro/.rvm/bin
10 verbose lifecycle eko_delivery_service@1.0.0~test: CWD: /Users/Neuro/Documents/eko_delivery_service
11 silly lifecycle eko_delivery_service@1.0.0~test: Args: [ '-c', 'jest' ]
12 silly lifecycle eko_delivery_service@1.0.0~test: Returned: code: 1  signal: null
13 info lifecycle eko_delivery_service@1.0.0~test: Failed to exec test script
14 verbose stack Error: eko_delivery_service@1.0.0 test: `jest`
14 verbose stack Exit status 1
14 verbose stack     at EventEmitter.<anonymous> (/Users/Neuro/.nvm/versions/node/v6.11.0/lib/node_modules/npm/lib/utils/lifecycle.js:255:16)
14 verbose stack     at emitTwo (events.js:106:13)
14 verbose stack     at EventEmitter.emit (events.js:191:7)
14 verbose stack     at ChildProcess.<anonymous> (/Users/Neuro/.nvm/versions/node/v6.11.0/lib/node_modules/npm/lib/utils/spawn.js:40:14)
14 verbose stack     at emitTwo (events.js:106:13)
14 verbose stack     at ChildProcess.emit (events.js:191:7)
14 verbose stack     at maybeClose (internal/child_process.js:891:16)
14 verbose stack     at Process.ChildProcess._handle.onexit (internal/child_process.js:226:5)
15 verbose pkgid eko_delivery_service@1.0.0
16 verbose cwd /Users/Neuro/Documents/eko_delivery_service/src
17 error Darwin 17.4.0
18 error argv "/Users/Neuro/.nvm/versions/node/v6.11.0/bin/node" "/Users/Neuro/.nvm/versions/node/v6.11.0/bin/npm" "run" "test"
19 error node v6.11.0
20 error npm  v3.10.10
21 error code ELIFECYCLE
22 error eko_delivery_service@1.0.0 test: `jest`
22 error Exit status 1
23 error Failed at the eko_delivery_service@1.0.0 test script 'jest'.
23 error Make sure you have the latest version of node.js and npm installed.
23 error If you do, this is most likely a problem with the eko_delivery_service package,
23 error not with npm itself.
23 error Tell the author that this fails on your system:
23 error     jest
23 error You can get information on how to open an issue for this project with:
23 error     npm bugs eko_delivery_service
23 error Or if that isn't available, you can get their info via:
23 error     npm owner ls eko_delivery_service
23 error There is likely additional logging output above.
24 verbose exit [ 1, true ]
